app/build/intermediates/manifest_merge_blame_file/debug/manifest-merger-blame-debug-report.txt
1<?xml version="1.0" encoding="utf-8"?>
2<manifest xmlns:android="http://schemas.android.com/apk/res/android"
3    package="com.meowplay.tv.debug"
4    android:versionCode="2"
5    android:versionName="1.1.0-debug" >
6
7    <uses-sdk
8        android:minSdkVersion="21"
9        android:targetSdkVersion="34" />
10
11    <uses-permission android:name="android.permission.INTERNET" />
11-->src/main/AndroidManifest.xml:5:5-67
11-->src/main/AndroidManifest.xml:5:22-64
12    <uses-permission android:name="android.permission.ACCESS_NETWORK_STATE" />
12-->src/main/AndroidManifest.xml:6:5-79
12-->src/main/AndroidManifest.xml:6:22-76
13    <uses-permission android:name="android.permission.ACCESS_WIFI_STATE" />
13-->src/main/AndroidManifest.xml:7:5-76
13-->src/main/AndroidManifest.xml:7:22-73
14
15    <!-- Android TV support -->
16    <uses-feature
16-->src/main/AndroidManifest.xml:10:5-87
17        android:name="android.software.leanback"
17-->src/main/AndroidManifest.xml:10:19-59
18        android:required="false" />
18-->src/main/AndroidManifest.xml:10:60-84
19    <uses-feature
19-->src/main/AndroidManifest.xml:11:5-90
20        android:name="android.hardware.touchscreen"
20-->src/main/AndroidManifest.xml:11:19-62
21        android:required="false" />
21-->src/main/AndroidManifest.xml:11:63-87
22    <uses-feature
22-->src/main/AndroidManifest.xml:12:5-94
23        android:name="android.hardware.type.television"
23-->src/main/AndroidManifest.xml:12:19-66
24        android:required="false" />
24-->src/main/AndroidManifest.xml:12:67-91
25
26    <permission
26-->[androidx.core:core:1.12.0] AndroidManifest.xml:22:5-24:47
27        android:name="com.meowplay.tv.debug.DYNAMIC_RECEIVER_NOT_EXPORTED_PERMISSION"
27-->[androidx.core:core:1.12.0] AndroidManifest.xml:23:9-81
28        android:protectionLevel="signature" />
28-->[androidx.core:core:1.12.0] AndroidManifest.xml:24:9-44
29
30    <uses-permission android:name="com.meowplay.tv.debug.DYNAMIC_RECEIVER_NOT_EXPORTED_PERMISSION" />
30-->[androidx.core:core:1.12.0] AndroidManifest.xml:26:5-97
30-->[androidx.core:core:1.12.0] AndroidManifest.xml:26:22-94
31
32    <application
32-->src/main/AndroidManifest.xml:14:5-113:19
33        android:name="com.meowplay.tv.MeowPlayApp"
33-->src/main/AndroidManifest.xml:15:9-36
34        android:allowBackup="true"
34-->src/main/AndroidManifest.xml:16:9-35
35        android:appComponentFactory="androidx.core.app.CoreComponentFactory"
35-->[androidx.core:core:1.12.0] AndroidManifest.xml:28:18-86
36        android:banner="@drawable/app_banner"
36-->src/main/AndroidManifest.xml:17:9-46
37        android:debuggable="true"
38        android:extractNativeLibs="true"
39        android:icon="@mipmap/ic_launcher"
39-->src/main/AndroidManifest.xml:18:9-43
40        android:label="@string/app_name"
40-->src/main/AndroidManifest.xml:19:9-41
41        android:logo="@mipmap/ic_launcher"
41-->src/main/AndroidManifest.xml:20:9-43
42        android:supportsRtl="true"
42-->src/main/AndroidManifest.xml:21:9-35
43        android:theme="@style/Theme.MeowPlay"
43-->src/main/AndroidManifest.xml:22:9-46
44        android:usesCleartextTraffic="true" >
44-->src/main/AndroidManifest.xml:23:9-44
45
46        <!-- Main Activity (Leanback Browse) -->
47        <activity
47-->src/main/AndroidManifest.xml:27:9-37:20
48            android:name="com.meowplay.tv.MainActivity"
48-->src/main/AndroidManifest.xml:28:13-41
49            android:configChanges="keyboard|keyboardHidden|orientation|screenSize|screenLayout|smallestScreenSize"
49-->src/main/AndroidManifest.xml:31:13-115
50            android:exported="true"
50-->src/main/AndroidManifest.xml:29:13-36
51            android:screenOrientation="landscape" >
51-->src/main/AndroidManifest.xml:30:13-50
52            <intent-filter>
52-->src/main/AndroidManifest.xml:32:13-36:29
53                <action android:name="android.intent.action.MAIN" />
53-->src/main/AndroidManifest.xml:33:17-69
53-->src/main/AndroidManifest.xml:33:25-66
54
55                <category android:name="android.intent.category.LAUNCHER" />
55-->src/main/AndroidManifest.xml:34:17-77
55-->src/main/AndroidManifest.xml:34:27-74
56                <category android:name="android.intent.category.LEANBACK_LAUNCHER" />
56-->src/main/AndroidManifest.xml:35:17-86
56-->src/main/AndroidManifest.xml:35:27-83
57            </intent-filter>
58        </activity>
59
60        <!-- Video Player Activity -->
61        <activity
61-->src/main/AndroidManifest.xml:40:9-99:20
62            android:name="com.meowplay.tv.player.PlayerActivity"
62-->src/main/AndroidManifest.xml:41:13-50
63            android:configChanges="keyboard|keyboardHidden|orientation|screenSize|screenLayout|smallestScreenSize"
63-->src/main/AndroidManifest.xml:44:13-115
64            android:exported="true"
64-->src/main/AndroidManifest.xml:42:13-36
65            android:screenOrientation="landscape"
65-->src/main/AndroidManifest.xml:43:13-50
66            android:theme="@style/Theme.MeowPlay.Player" >
66-->src/main/AndroidManifest.xml:45:13-57
67
68            <!-- ACTION_VIEW with video/* MIME type (Stremio, CloudStream, etc.) -->
69            <intent-filter>
69-->src/main/AndroidManifest.xml:48:13-56:29
70                <action android:name="android.intent.action.VIEW" />
70-->src/main/AndroidManifest.xml:49:17-69
70-->src/main/AndroidManifest.xml:49:25-66
71
72                <category android:name="android.intent.category.DEFAULT" />
72-->src/main/AndroidManifest.xml:50:17-76
72-->src/main/AndroidManifest.xml:50:27-73
73                <category android:name="android.intent.category.BROWSABLE" />
73-->src/main/AndroidManifest.xml:51:17-78
73-->src/main/AndroidManifest.xml:51:27-75
74
75                <data android:scheme="http" />
75-->src/main/AndroidManifest.xml:52:17-47
75-->src/main/AndroidManifest.xml:52:23-44
76                <data android:scheme="https" />
76-->src/main/AndroidManifest.xml:52:17-47
76-->src/main/AndroidManifest.xml:52:23-44
77                <data android:scheme="content" />
77-->src/main/AndroidManifest.xml:52:17-47
77-->src/main/AndroidManifest.xml:52:23-44
78                <data android:mimeType="video/*" />
78-->src/main/AndroidManifest.xml:52:17-47
78-->src/main/AndroidManifest.xml:55:23-49
79            </intent-filter>
80
81            <!-- ACTION_VIEW without MIME type (some apps don't set it) -->
82            <intent-filter>
82-->src/main/AndroidManifest.xml:59:13-65:29
83                <action android:name="android.intent.action.VIEW" />
83-->src/main/AndroidManifest.xml:49:17-69
83-->src/main/AndroidManifest.xml:49:25-66
84
85                <category android:name="android.intent.category.DEFAULT" />
85-->src/main/AndroidManifest.xml:50:17-76
85-->src/main/AndroidManifest.xml:50:27-73
86                <category android:name="android.intent.category.BROWSABLE" />
86-->src/main/AndroidManifest.xml:51:17-78
86-->src/main/AndroidManifest.xml:51:27-75
87
88                <data android:scheme="http" />
88-->src/main/AndroidManifest.xml:52:17-47
88-->src/main/AndroidManifest.xml:52:23-44
89                <data android:scheme="https" />
89-->src/main/AndroidManifest.xml:52:17-47
89-->src/main/AndroidManifest.xml:52:23-44
90            </intent-filter>
91
92            <!-- M3U8 / HLS specific -->
93            <intent-filter>
93-->src/main/AndroidManifest.xml:68:13-76:29
94                <action android:name="android.intent.action.VIEW" />
94-->src/main/AndroidManifest.xml:49:17-69
94-->src/main/AndroidManifest.xml:49:25-66
95
96                <category android:name="android.intent.category.DEFAULT" />
96-->src/main/AndroidManifest.xml:50:17-76
96-->src/main/AndroidManifest.xml:50:27-73
97                <category android:name="android.intent.category.BROWSABLE" />
97-->src/main/AndroidManifest.xml:51:17-78
97-->src/main/AndroidManifest.xml:51:27-75
98
99                <data android:scheme="http" />
99-->src/main/AndroidManifest.xml:52:17-47
99-->src/main/AndroidManifest.xml:52:23-44
100                <data android:scheme="https" />
100-->src/main/AndroidManifest.xml:52:17-47
100-->src/main/AndroidManifest.xml:52:23-44
101                <data android:mimeType="application/x-mpegURL" />
101-->src/main/AndroidManifest.xml:52:17-47
101-->src/main/AndroidManifest.xml:55:23-49
102                <data android:mimeType="application/vnd.apple.mpegurl" />
102-->src/main/AndroidManifest.xml:52:17-47
102-->src/main/AndroidManifest.xml:55:23-49
103            </intent-filter>
104
105            <!-- Shared text (URL from other apps) -->
106            <intent-filter>
106-->src/main/AndroidManifest.xml:79:13-83:29
107                <action android:name="android.intent.action.SEND" />
107-->src/main/AndroidManifest.xml:80:17-69
107-->src/main/AndroidManifest.xml:80:25-66
108
109                <category android:name="android.intent.category.DEFAULT" />
109-->src/main/AndroidManifest.xml:50:17-76
109-->src/main/AndroidManifest.xml:50:27-73
110
111                <data android:mimeType="text/plain" />
111-->src/main/AndroidManifest.xml:52:17-47
111-->src/main/AndroidManifest.xml:55:23-49
112            </intent-filter>
113
114            <!-- Shared video -->
115            <intent-filter>
115-->src/main/AndroidManifest.xml:86:13-90:29
116                <action android:name="android.intent.action.SEND" />
116-->src/main/AndroidManifest.xml:80:17-69
116-->src/main/AndroidManifest.xml:80:25-66
117
118                <category android:name="android.intent.category.DEFAULT" />
118-->src/main/AndroidManifest.xml:50:17-76
118-->src/main/AndroidManifest.xml:50:27-73
119
120                <data android:mimeType="video/*" />
120-->src/main/AndroidManifest.xml:52:17-47
120-->src/main/AndroidManifest.xml:55:23-49
121            </intent-filter>
122
123            <!-- Magnet links -->
124            <intent-filter>
124-->src/main/AndroidManifest.xml:93:13-98:29
125                <action android:name="android.intent.action.VIEW" />
125-->src/main/AndroidManifest.xml:49:17-69
125-->src/main/AndroidManifest.xml:49:25-66
126
127                <category android:name="android.intent.category.DEFAULT" />
127-->src/main/AndroidManifest.xml:50:17-76
127-->src/main/AndroidManifest.xml:50:27-73
128                <category android:name="android.intent.category.BROWSABLE" />
128-->src/main/AndroidManifest.xml:51:17-78
128-->src/main/AndroidManifest.xml:51:27-75
129
130                <data android:scheme="magnet" />
130-->src/main/AndroidManifest.xml:52:17-47
130-->src/main/AndroidManifest.xml:52:23-44
131            </intent-filter>
132        </activity>
133
134        <!-- History Activity -->
135        <activity
135-->src/main/AndroidManifest.xml:102:9-105:58
136            android:name="com.meowplay.tv.ui.HistoryActivity"
136-->src/main/AndroidManifest.xml:103:13-47
137            android:exported="false"
137-->src/main/AndroidManifest.xml:104:13-37
138            android:parentActivityName="com.meowplay.tv.MainActivity" />
138-->src/main/AndroidManifest.xml:105:13-55
139
140        <!-- Paste Link Activity -->
141        <activity
141-->src/main/AndroidManifest.xml:108:9-111:58
142            android:name="com.meowplay.tv.ui.PasteLinkActivity"
142-->src/main/AndroidManifest.xml:109:13-49
143            android:exported="false"
143-->src/main/AndroidManifest.xml:110:13-37
144            android:parentActivityName="com.meowplay.tv.MainActivity" />
144-->src/main/AndroidManifest.xml:111:13-55
145
146        <provider
146-->[androidx.emoji2:emoji2:1.2.0] AndroidManifest.xml:24:9-32:20
147            android:name="androidx.startup.InitializationProvider"
147-->[androidx.emoji2:emoji2:1.2.0] AndroidManifest.xml:25:13-67
148            android:authorities="com.meowplay.tv.debug.androidx-startup"
148-->[androidx.emoji2:emoji2:1.2.0] AndroidManifest.xml:26:13-68
149            android:exported="false" >
149-->[androidx.emoji2:emoji2:1.2.0] AndroidManifest.xml:27:13-37
150            <meta-data
150-->[androidx.emoji2:emoji2:1.2.0] AndroidManifest.xml:29:13-31:52
151                android:name="androidx.emoji2.text.EmojiCompatInitializer"
151-->[androidx.emoji2:emoji2:1.2.0] AndroidManifest.xml:30:17-75
152                android:value="androidx.startup" />
152-->[androidx.emoji2:emoji2:1.2.0] AndroidManifest.xml:31:17-49
153            <meta-data
153-->[androidx.lifecycle:lifecycle-process:2.7.0] AndroidManifest.xml:29:13-31:52
154                android:name="androidx.lifecycle.ProcessLifecycleInitializer"
154-->[androidx.lifecycle:lifecycle-process:2.7.0] AndroidManifest.xml:30:17-78
155                android:value="androidx.startup" />
155-->[androidx.lifecycle:lifecycle-process:2.7.0] AndroidManifest.xml:31:17-49
156            <meta-data
156-->[androidx.profileinstaller:profileinstaller:1.3.0] AndroidManifest.xml:29:13-31:52
157                android:name="androidx.profileinstaller.ProfileInstallerInitializer"
157-->[androidx.profileinstaller:profileinstaller:1.3.0] AndroidManifest.xml:30:17-85
158                android:value="androidx.startup" />
158-->[androidx.profileinstaller:profileinstaller:1.3.0] AndroidManifest.xml:31:17-49
159        </provider>
160
161        <service
161-->[androidx.room:room-runtime:2.6.1] AndroidManifest.xml:24:9-28:63
162            android:name="androidx.room.MultiInstanceInvalidationService"
162-->[androidx.room:room-runtime:2.6.1] AndroidManifest.xml:25:13-74
163            android:directBootAware="true"
163-->[androidx.room:room-runtime:2.6.1] AndroidManifest.xml:26:13-43
164            android:exported="false" />
164-->[androidx.room:room-runtime:2.6.1] AndroidManifest.xml:27:13-37
165
166        <receiver
166-->[androidx.profileinstaller:profileinstaller:1.3.0] AndroidManifest.xml:34:9-52:20
167            android:name="androidx.profileinstaller.ProfileInstallReceiver"
167-->[androidx.profileinstaller:profileinstaller:1.3.0] AndroidManifest.xml:35:13-76
168            android:directBootAware="false"
168-->[androidx.profileinstaller:profileinstaller:1.3.0] AndroidManifest.xml:36:13-44
169            android:enabled="true"
169-->[androidx.profileinstaller:profileinstaller:1.3.0] AndroidManifest.xml:37:13-35
170            android:exported="true"
170-->[androidx.profileinstaller:profileinstaller:1.3.0] AndroidManifest.xml:38:13-36
171            android:permission="android.permission.DUMP" >
171-->[androidx.profileinstaller:profileinstaller:1.3.0] AndroidManifest.xml:39:13-57
172            <intent-filter>
172-->[androidx.profileinstaller:profileinstaller:1.3.0] AndroidManifest.xml:40:13-42:29
173                <action android:name="androidx.profileinstaller.action.INSTALL_PROFILE" />
173-->[androidx.profileinstaller:profileinstaller:1.3.0] AndroidManifest.xml:41:17-91
173-->[androidx.profileinstaller:profileinstaller:1.3.0] AndroidManifest.xml:41:25-88
174            </intent-filter>
175            <intent-filter>
175-->[androidx.profileinstaller:profileinstaller:1.3.0] AndroidManifest.xml:43:13-45:29
176                <action android:name="androidx.profileinstaller.action.SKIP_FILE" />
176-->[androidx.profileinstaller:profileinstaller:1.3.0] AndroidManifest.xml:44:17-85
176-->[androidx.profileinstaller:profileinstaller:1.3.0] AndroidManifest.xml:44:25-82
177            </intent-filter>
178            <intent-filter>
178-->[androidx.profileinstaller:profileinstaller:1.3.0] AndroidManifest.xml:46:13-48:29
179                <action android:name="androidx.profileinstaller.action.SAVE_PROFILE" />
179-->[androidx.profileinstaller:profileinstaller:1.3.0] AndroidManifest.xml:47:17-88
179-->[androidx.profileinstaller:profileinstaller:1.3.0] AndroidManifest.xml:47:25-85
180            </intent-filter>
181            <intent-filter>
181-->[androidx.profileinstaller:profileinstaller:1.3.0] AndroidManifest.xml:49:13-51:29
182                <action android:name="androidx.profileinstaller.action.BENCHMARK_OPERATION" />
182-->[androidx.profileinstaller:profileinstaller:1.3.0] AndroidManifest.xml:50:17-95
182-->[androidx.profileinstaller:profileinstaller:1.3.0] AndroidManifest.xml:50:25-92
183            </intent-filter>
184        </receiver>
185    </application>
186
187</manifest>